<?xml version="1.0" encoding="UTF-8"?>
<!-- Generated by org.testng.reporters.JUnitReportReporter -->
<testsuite skipped="0" hostname="Lenovo-PC-licai" name="com.mypro.testng.TestLogin1" tests="1" failures="0" timestamp="22 八月 2017 02:53:37 GMT" time="39.789" errors="0">
  <testcase name="testCase" time="39.789" classname="com.mypro.testng.TestLogin1"/>
</testsuite> <!-- com.mypro.testng.TestLogin1 -->
