<?xml version="1.0" encoding="UTF-8"?>
<!-- Generated by org.testng.reporters.JUnitReportReporter -->
<testsuite skipped="0" hostname="Lenovo-PC-licai" name="com.mypro.testng.TestLogin2" tests="1" failures="0" timestamp="22 八月 2017 08:04:14 GMT" time="17.763" errors="0">
  <testcase name="testCase" time="17.763" classname="com.mypro.testng.TestLogin2"/>
</testsuite> <!-- com.mypro.testng.TestLogin2 -->
