<?xml version="1.0" encoding="UTF-8"?>
<!-- Generated by org.testng.reporters.JUnitReportReporter -->
<testsuite skipped="0" hostname="Lenovo-PC-licai" name="com.mypro.testng.RegistrationActivity" tests="1" failures="0" timestamp="13 九月 2017 07:47:30 GMT" time="32.186" errors="0">
  <testcase name="testCase" time="32.186" classname="com.mypro.testng.RegistrationActivity"/>
</testsuite> <!-- com.mypro.testng.RegistrationActivity -->
