<?xml version="1.0" encoding="UTF-8"?>
<!-- Generated by org.testng.reporters.JUnitReportReporter -->
<testsuite skipped="0" hostname="Lenovo-PC-licai" name="com.mypro.testng.BuyVideo" tests="1" failures="0" timestamp="13 九月 2017 07:20:41 GMT" time="28.444" errors="0">
  <testcase name="testCase" time="28.444" classname="com.mypro.testng.BuyVideo"/>
</testsuite> <!-- com.mypro.testng.BuyVideo -->
